<?xml version="1.0" encoding="UTF-8"?>
<robot generator="Robot 4.1.2 (Python 3.9.2 on win32)" generated="20220202 16:47:13.312" rpa="false" schemaversion="2">
<suite id="s1" name="Tests" source="C:\Dlsu stuff\STSWENG\Inventory-Selenium\tests">
<suite id="s1-s1" name="Account" source="C:\Dlsu stuff\STSWENG\Inventory-Selenium\tests\account.robot">
<test id="s1-s1-t1" name="Add and Delete User">
<kw name="Open Browser" library="SeleniumLibrary">
<arg>${LOGIN URL}</arg>
<arg>${BROWSER}</arg>
<doc>Opens a new browser instance to the optional ``url``.</doc>
<msg timestamp="20220202 16:47:13.513" level="INFO">Opening browser 'chrome' to base url 'http://localhost:3000/'.</msg>
<status status="PASS" starttime="20220202 16:47:13.512" endtime="20220202 16:47:15.068"/>
</kw>
<kw name="Maximize Browser Window" library="SeleniumLibrary">
<doc>Maximizes current browser window.</doc>
<status status="PASS" starttime="20220202 16:47:15.069" endtime="20220202 16:47:15.185"/>
</kw>
<kw name="Set Selenium Speed" library="SeleniumLibrary">
<arg>1</arg>
<doc>Sets the delay that is waited after each Selenium command.</doc>
<status status="PASS" starttime="20220202 16:47:15.186" endtime="20220202 16:47:15.186"/>
</kw>
<kw name="Input Text" library="SeleniumLibrary">
<arg>xpath://*[@id="login-page"]/div/input[1]</arg>
<arg>admin123</arg>
<doc>Types the given ``text`` into the text field identified by ``locator``.</doc>
<msg timestamp="20220202 16:47:15.187" level="INFO">Typing text 'admin123' into text field 'xpath://*[@id="login-page"]/div/input[1]'.</msg>
<status status="PASS" starttime="20220202 16:47:15.187" endtime="20220202 16:47:18.272"/>
</kw>
<kw name="Input Password" library="SeleniumLibrary">
<arg>xpath://*[@id="login-page"]/div/input[2]</arg>
<arg>password</arg>
<doc>Types the given password into the text field identified by ``locator``.</doc>
<msg timestamp="20220202 16:47:18.273" level="INFO">Typing password into text field 'xpath://*[@id="login-page"]/div/input[2]'.</msg>
<msg timestamp="20220202 16:47:20.321" level="INFO">Temporally setting log level to: NONE</msg>
<msg timestamp="20220202 16:47:21.369" level="INFO">Log level changed from NONE to INFO.</msg>
<status status="PASS" starttime="20220202 16:47:18.273" endtime="20220202 16:47:21.369"/>
</kw>
<kw name="Submit Credentials" library="resources">
<kw name="Click Button" library="SeleniumLibrary">
<arg>xpath://*[@id="login-page"]/div/button</arg>
<doc>Clicks the button identified by ``locator``.</doc>
<msg timestamp="20220202 16:47:21.370" level="INFO">Clicking button 'xpath://*[@id="login-page"]/div/button'.</msg>
<status status="PASS" starttime="20220202 16:47:21.370" endtime="20220202 16:47:26.455"/>
</kw>
<status status="PASS" starttime="20220202 16:47:21.369" endtime="20220202 16:47:26.455"/>
</kw>
<kw name="Page Should Contain" library="SeleniumLibrary">
<arg>Accounts</arg>
<doc>Verifies that current page contains ``text``.</doc>
<msg timestamp="20220202 16:47:28.487" level="INFO">Current page contains text 'Accounts'.</msg>
<status status="PASS" starttime="20220202 16:47:26.455" endtime="20220202 16:47:28.487"/>
</kw>
<kw name="Click Button" library="SeleniumLibrary">
<arg>xpath://*[@id="users-page"]/div/div[1]/button</arg>
<doc>Clicks the button identified by ``locator``.</doc>
<msg timestamp="20220202 16:47:28.488" level="INFO">Clicking button 'xpath://*[@id="users-page"]/div/div[1]/button'.</msg>
<status status="PASS" starttime="20220202 16:47:28.488" endtime="20220202 16:47:33.594"/>
</kw>
<kw name="Input Text" library="SeleniumLibrary">
<arg>xpath=/html/body/div[2]/div/div[2]/div/div[2]/div[2]/input</arg>
<arg>Selenium_test</arg>
<doc>Types the given ``text`` into the text field identified by ``locator``.</doc>
<msg timestamp="20220202 16:47:33.594" level="INFO">Typing text 'Selenium_test' into text field 'xpath=/html/body/div[2]/div/div[2]/div/div[2]/div[2]/input'.</msg>
<status status="PASS" starttime="20220202 16:47:33.594" endtime="20220202 16:47:36.706"/>
</kw>
<kw name="Click Button" library="SeleniumLibrary">
<arg>xpath=/html/body/div[2]/div/div[2]/div/div[2]/div[3]/button[2]</arg>
<doc>Clicks the button identified by ``locator``.</doc>
<msg timestamp="20220202 16:47:36.707" level="INFO">Clicking button 'xpath=/html/body/div[2]/div/div[2]/div/div[2]/div[3]/button[2]'.</msg>
<status status="PASS" starttime="20220202 16:47:36.707" endtime="20220202 16:47:41.793"/>
</kw>
<kw name="Click Button" library="SeleniumLibrary">
<arg>xpath=/html/body/div[3]/div/div[2]/div/div[2]/div/div/div[2]/button</arg>
<doc>Clicks the button identified by ``locator``.</doc>
<msg timestamp="20220202 16:47:41.794" level="INFO">Clicking button 'xpath=/html/body/div[3]/div/div[2]/div/div[2]/div/div/div[2]/button'.</msg>
<status status="PASS" starttime="20220202 16:47:41.793" endtime="20220202 16:47:46.901"/>
</kw>
<kw name="Click Button" library="SeleniumLibrary">
<arg>xpath://*[@id="users-page"]/table/tbody/tr[5]/td[3]/button[2]</arg>
<doc>Clicks the button identified by ``locator``.</doc>
<msg timestamp="20220202 16:47:46.902" level="INFO">Clicking button 'xpath://*[@id="users-page"]/table/tbody/tr[5]/td[3]/button[2]'.</msg>
<status status="PASS" starttime="20220202 16:47:46.901" endtime="20220202 16:47:51.991"/>
</kw>
<kw name="Click Button" library="SeleniumLibrary">
<arg>css=.ant-modal-confirm-btns &gt; .ant-btn-primary</arg>
<doc>Clicks the button identified by ``locator``.</doc>
<msg timestamp="20220202 16:47:51.992" level="INFO">Clicking button 'css=.ant-modal-confirm-btns &gt; .ant-btn-primary'.</msg>
<status status="PASS" starttime="20220202 16:47:51.991" endtime="20220202 16:47:57.081"/>
</kw>
<kw name="Click Button" library="SeleniumLibrary">
<arg>css=.ant-modal-confirm-btns &gt; .ant-btn-primary</arg>
<doc>Clicks the button identified by ``locator``.</doc>
<msg timestamp="20220202 16:47:57.081" level="INFO">Clicking button 'css=.ant-modal-confirm-btns &gt; .ant-btn-primary'.</msg>
<status status="PASS" starttime="20220202 16:47:57.081" endtime="20220202 16:48:02.171"/>
</kw>
<kw name="Page Should Not Contain" library="SeleniumLibrary">
<arg>Selenium_test</arg>
<doc>Verifies the current page does not contain ``text``.</doc>
<msg timestamp="20220202 16:48:05.212" level="INFO">Current page does not contain text 'Selenium_test'.</msg>
<status status="PASS" starttime="20220202 16:48:02.171" endtime="20220202 16:48:05.212"/>
</kw>
<kw name="Close Browser" library="SeleniumLibrary" type="TEARDOWN">
<doc>Closes the current browser.</doc>
<status status="PASS" starttime="20220202 16:48:05.213" endtime="20220202 16:48:08.258"/>
</kw>
<status status="PASS" starttime="20220202 16:47:13.512" endtime="20220202 16:48:08.259"/>
</test>
<test id="s1-s1-t2" name="Add not unique">
<kw name="Open Browser" library="SeleniumLibrary">
<arg>${LOGIN URL}</arg>
<arg>${BROWSER}</arg>
<doc>Opens a new browser instance to the optional ``url``.</doc>
<msg timestamp="20220202 16:48:08.261" level="INFO">Opening browser 'chrome' to base url 'http://localhost:3000/'.</msg>
<status status="PASS" starttime="20220202 16:48:08.260" endtime="20220202 16:48:10.775"/>
</kw>
<kw name="Maximize Browser Window" library="SeleniumLibrary">
<doc>Maximizes current browser window.</doc>
<status status="PASS" starttime="20220202 16:48:10.775" endtime="20220202 16:48:11.909"/>
</kw>
<kw name="Set Selenium Speed" library="SeleniumLibrary">
<arg>1</arg>
<doc>Sets the delay that is waited after each Selenium command.</doc>
<status status="PASS" starttime="20220202 16:48:11.909" endtime="20220202 16:48:11.910"/>
</kw>
<kw name="Input Text" library="SeleniumLibrary">
<arg>xpath://*[@id="login-page"]/div/input[1]</arg>
<arg>admin123</arg>
<doc>Types the given ``text`` into the text field identified by ``locator``.</doc>
<msg timestamp="20220202 16:48:11.910" level="INFO">Typing text 'admin123' into text field 'xpath://*[@id="login-page"]/div/input[1]'.</msg>
<status status="PASS" starttime="20220202 16:48:11.910" endtime="20220202 16:48:15.009"/>
</kw>
<kw name="Input Password" library="SeleniumLibrary">
<arg>xpath://*[@id="login-page"]/div/input[2]</arg>
<arg>password</arg>
<doc>Types the given password into the text field identified by ``locator``.</doc>
<msg timestamp="20220202 16:48:15.010" level="INFO">Typing password into text field 'xpath://*[@id="login-page"]/div/input[2]'.</msg>
<msg timestamp="20220202 16:48:17.051" level="INFO">Temporally setting log level to: NONE</msg>
<msg timestamp="20220202 16:48:18.086" level="INFO">Log level changed from NONE to INFO.</msg>
<status status="PASS" starttime="20220202 16:48:15.009" endtime="20220202 16:48:18.086"/>
</kw>
<kw name="Submit Credentials" library="resources">
<kw name="Click Button" library="SeleniumLibrary">
<arg>xpath://*[@id="login-page"]/div/button</arg>
<doc>Clicks the button identified by ``locator``.</doc>
<msg timestamp="20220202 16:48:18.087" level="INFO">Clicking button 'xpath://*[@id="login-page"]/div/button'.</msg>
<status status="PASS" starttime="20220202 16:48:18.087" endtime="20220202 16:48:23.179"/>
</kw>
<status status="PASS" starttime="20220202 16:48:18.086" endtime="20220202 16:48:23.179"/>
</kw>
<kw name="Page Should Contain" library="SeleniumLibrary">
<arg>Accounts</arg>
<doc>Verifies that current page contains ``text``.</doc>
<msg timestamp="20220202 16:48:25.210" level="INFO">Current page contains text 'Accounts'.</msg>
<status status="PASS" starttime="20220202 16:48:23.180" endtime="20220202 16:48:25.210"/>
</kw>
<kw name="Click Button" library="SeleniumLibrary">
<arg>xpath://*[@id="users-page"]/div/div[1]/button</arg>
<doc>Clicks the button identified by ``locator``.</doc>
<msg timestamp="20220202 16:48:25.210" level="INFO">Clicking button 'xpath://*[@id="users-page"]/div/div[1]/button'.</msg>
<status status="PASS" starttime="20220202 16:48:25.210" endtime="20220202 16:48:30.322"/>
</kw>
<kw name="Input Text" library="SeleniumLibrary">
<arg>xpath=/html/body/div[2]/div/div[2]/div/div[2]/div[2]/input</arg>
<arg>admin123</arg>
<doc>Types the given ``text`` into the text field identified by ``locator``.</doc>
<msg timestamp="20220202 16:48:30.323" level="INFO">Typing text 'admin123' into text field 'xpath=/html/body/div[2]/div/div[2]/div/div[2]/div[2]/input'.</msg>
<status status="PASS" starttime="20220202 16:48:30.322" endtime="20220202 16:48:33.427"/>
</kw>
<kw name="Click Button" library="SeleniumLibrary">
<arg>xpath=/html/body/div[2]/div/div[2]/div/div[2]/div[3]/button[2]</arg>
<doc>Clicks the button identified by ``locator``.</doc>
<msg timestamp="20220202 16:48:33.428" level="INFO">Clicking button 'xpath=/html/body/div[2]/div/div[2]/div/div[2]/div[3]/button[2]'.</msg>
<status status="PASS" starttime="20220202 16:48:33.428" endtime="20220202 16:48:38.530"/>
</kw>
<kw name="Page Should Contain" library="SeleniumLibrary">
<arg>Username already exists</arg>
<doc>Verifies that current page contains ``text``.</doc>
<msg timestamp="20220202 16:48:40.557" level="INFO">Current page contains text 'Username already exists'.</msg>
<status status="PASS" starttime="20220202 16:48:38.531" endtime="20220202 16:48:40.557"/>
</kw>
<kw name="Close Browser" library="SeleniumLibrary" type="TEARDOWN">
<doc>Closes the current browser.</doc>
<status status="PASS" starttime="20220202 16:48:40.558" endtime="20220202 16:48:43.619"/>
</kw>
<status status="PASS" starttime="20220202 16:48:08.260" endtime="20220202 16:48:43.620"/>
</test>
<doc>A test suite with a multiple test for validating login functions

This test follows the example using keywords from
the SeleniumLibrary</doc>
<status status="PASS" starttime="20220202 16:47:13.337" endtime="20220202 16:48:43.621"/>
</suite>
<suite id="s1-s2" name="Login" source="C:\Dlsu stuff\STSWENG\Inventory-Selenium\tests\login.robot">
<test id="s1-s2-t1" name="Successful admin log in">
<kw name="Open Browser" library="SeleniumLibrary">
<arg>${LOGIN URL}</arg>
<arg>${BROWSER}</arg>
<doc>Opens a new browser instance to the optional ``url``.</doc>
<msg timestamp="20220202 16:48:43.627" level="INFO">Opening browser 'chrome' to base url 'http://localhost:3000/'.</msg>
<status status="PASS" starttime="20220202 16:48:43.626" endtime="20220202 16:48:46.165"/>
</kw>
<kw name="Maximize Browser Window" library="SeleniumLibrary">
<doc>Maximizes current browser window.</doc>
<status status="PASS" starttime="20220202 16:48:46.165" endtime="20220202 16:48:47.292"/>
</kw>
<kw name="Set Selenium Speed" library="SeleniumLibrary">
<arg>1</arg>
<doc>Sets the delay that is waited after each Selenium command.</doc>
<status status="PASS" starttime="20220202 16:48:47.293" endtime="20220202 16:48:47.293"/>
</kw>
<kw name="Input Text" library="SeleniumLibrary">
<arg>xpath://*[@id="login-page"]/div/input[1]</arg>
<arg>admin123</arg>
<doc>Types the given ``text`` into the text field identified by ``locator``.</doc>
<msg timestamp="20220202 16:48:47.294" level="INFO">Typing text 'admin123' into text field 'xpath://*[@id="login-page"]/div/input[1]'.</msg>
<status status="PASS" starttime="20220202 16:48:47.293" endtime="20220202 16:48:50.383"/>
</kw>
<kw name="Input Password" library="SeleniumLibrary">
<arg>xpath://*[@id="login-page"]/div/input[2]</arg>
<arg>password</arg>
<doc>Types the given password into the text field identified by ``locator``.</doc>
<msg timestamp="20220202 16:48:50.384" level="INFO">Typing password into text field 'xpath://*[@id="login-page"]/div/input[2]'.</msg>
<msg timestamp="20220202 16:48:52.438" level="INFO">Temporally setting log level to: NONE</msg>
<msg timestamp="20220202 16:48:53.488" level="INFO">Log level changed from NONE to INFO.</msg>
<status status="PASS" starttime="20220202 16:48:50.384" endtime="20220202 16:48:53.488"/>
</kw>
<kw name="Submit Credentials" library="resources">
<kw name="Click Button" library="SeleniumLibrary">
<arg>xpath://*[@id="login-page"]/div/button</arg>
<doc>Clicks the button identified by ``locator``.</doc>
<msg timestamp="20220202 16:48:53.488" level="INFO">Clicking button 'xpath://*[@id="login-page"]/div/button'.</msg>
<status status="PASS" starttime="20220202 16:48:53.488" endtime="20220202 16:48:58.572"/>
</kw>
<status status="PASS" starttime="20220202 16:48:53.488" endtime="20220202 16:48:58.572"/>
</kw>
<kw name="Page Should Contain" library="SeleniumLibrary">
<arg>Accounts</arg>
<doc>Verifies that current page contains ``text``.</doc>
<msg timestamp="20220202 16:49:00.611" level="INFO">Current page contains text 'Accounts'.</msg>
<status status="PASS" starttime="20220202 16:48:58.573" endtime="20220202 16:49:00.611"/>
</kw>
<kw name="Close Browser" library="SeleniumLibrary" type="TEARDOWN">
<doc>Closes the current browser.</doc>
<status status="PASS" starttime="20220202 16:49:00.612" endtime="20220202 16:49:03.664"/>
</kw>
<status status="PASS" starttime="20220202 16:48:43.626" endtime="20220202 16:49:03.665"/>
</test>
<test id="s1-s2-t2" name="Successful user log in">
<kw name="Open Browser" library="SeleniumLibrary">
<arg>${LOGIN URL}</arg>
<arg>${BROWSER}</arg>
<doc>Opens a new browser instance to the optional ``url``.</doc>
<msg timestamp="20220202 16:49:03.667" level="INFO">Opening browser 'chrome' to base url 'http://localhost:3000/'.</msg>
<status status="PASS" starttime="20220202 16:49:03.667" endtime="20220202 16:49:06.146"/>
</kw>
<kw name="Maximize Browser Window" library="SeleniumLibrary">
<doc>Maximizes current browser window.</doc>
<status status="PASS" starttime="20220202 16:49:06.147" endtime="20220202 16:49:07.276"/>
</kw>
<kw name="Set Selenium Speed" library="SeleniumLibrary">
<arg>1</arg>
<doc>Sets the delay that is waited after each Selenium command.</doc>
<status status="PASS" starttime="20220202 16:49:07.276" endtime="20220202 16:49:07.277"/>
</kw>
<kw name="Input Text" library="SeleniumLibrary">
<arg>xpath://*[@id="login-page"]/div/input[1]</arg>
<arg>user123</arg>
<doc>Types the given ``text`` into the text field identified by ``locator``.</doc>
<msg timestamp="20220202 16:49:07.277" level="INFO">Typing text 'user123' into text field 'xpath://*[@id="login-page"]/div/input[1]'.</msg>
<status status="PASS" starttime="20220202 16:49:07.277" endtime="20220202 16:49:10.368"/>
</kw>
<kw name="Input Password" library="SeleniumLibrary">
<arg>xpath://*[@id="login-page"]/div/input[2]</arg>
<arg>password</arg>
<doc>Types the given password into the text field identified by ``locator``.</doc>
<msg timestamp="20220202 16:49:10.369" level="INFO">Typing password into text field 'xpath://*[@id="login-page"]/div/input[2]'.</msg>
<msg timestamp="20220202 16:49:12.420" level="INFO">Temporally setting log level to: NONE</msg>
<msg timestamp="20220202 16:49:13.472" level="INFO">Log level changed from NONE to INFO.</msg>
<status status="PASS" starttime="20220202 16:49:10.368" endtime="20220202 16:49:13.472"/>
</kw>
<kw name="Submit Credentials" library="resources">
<kw name="Click Button" library="SeleniumLibrary">
<arg>xpath://*[@id="login-page"]/div/button</arg>
<doc>Clicks the button identified by ``locator``.</doc>
<msg timestamp="20220202 16:49:13.473" level="INFO">Clicking button 'xpath://*[@id="login-page"]/div/button'.</msg>
<status status="PASS" starttime="20220202 16:49:13.473" endtime="20220202 16:49:18.571"/>
</kw>
<status status="PASS" starttime="20220202 16:49:13.473" endtime="20220202 16:49:18.571"/>
</kw>
<kw name="Page Should Contain" library="SeleniumLibrary">
<arg>Product Name</arg>
<doc>Verifies that current page contains ``text``.</doc>
<msg timestamp="20220202 16:49:20.611" level="INFO">Current page contains text 'Product Name'.</msg>
<status status="PASS" starttime="20220202 16:49:18.572" endtime="20220202 16:49:20.611"/>
</kw>
<kw name="Close Browser" library="SeleniumLibrary" type="TEARDOWN">
<doc>Closes the current browser.</doc>
<status status="PASS" starttime="20220202 16:49:20.612" endtime="20220202 16:49:23.658"/>
</kw>
<status status="PASS" starttime="20220202 16:49:03.666" endtime="20220202 16:49:23.659"/>
</test>
<test id="s1-s2-t3" name="Wrong Password">
<kw name="Open Browser" library="SeleniumLibrary">
<arg>${LOGIN URL}</arg>
<arg>${BROWSER}</arg>
<doc>Opens a new browser instance to the optional ``url``.</doc>
<msg timestamp="20220202 16:49:23.661" level="INFO">Opening browser 'chrome' to base url 'http://localhost:3000/'.</msg>
<status status="PASS" starttime="20220202 16:49:23.660" endtime="20220202 16:49:26.140"/>
</kw>
<kw name="Maximize Browser Window" library="SeleniumLibrary">
<doc>Maximizes current browser window.</doc>
<status status="PASS" starttime="20220202 16:49:26.140" endtime="20220202 16:49:27.272"/>
</kw>
<kw name="Set Selenium Speed" library="SeleniumLibrary">
<arg>1</arg>
<doc>Sets the delay that is waited after each Selenium command.</doc>
<status status="PASS" starttime="20220202 16:49:27.272" endtime="20220202 16:49:27.273"/>
</kw>
<kw name="Input Text" library="SeleniumLibrary">
<arg>xpath://*[@id="login-page"]/div/input[1]</arg>
<arg>user123</arg>
<doc>Types the given ``text`` into the text field identified by ``locator``.</doc>
<msg timestamp="20220202 16:49:27.274" level="INFO">Typing text 'user123' into text field 'xpath://*[@id="login-page"]/div/input[1]'.</msg>
<status status="PASS" starttime="20220202 16:49:27.274" endtime="20220202 16:49:30.364"/>
</kw>
<kw name="Input Password" library="SeleniumLibrary">
<arg>xpath://*[@id="login-page"]/div/input[2]</arg>
<arg>pass</arg>
<doc>Types the given password into the text field identified by ``locator``.</doc>
<msg timestamp="20220202 16:49:30.365" level="INFO">Typing password into text field 'xpath://*[@id="login-page"]/div/input[2]'.</msg>
<msg timestamp="20220202 16:49:32.414" level="INFO">Temporally setting log level to: NONE</msg>
<msg timestamp="20220202 16:49:33.453" level="INFO">Log level changed from NONE to INFO.</msg>
<status status="PASS" starttime="20220202 16:49:30.364" endtime="20220202 16:49:33.453"/>
</kw>
<kw name="Submit Credentials" library="resources">
<kw name="Click Button" library="SeleniumLibrary">
<arg>xpath://*[@id="login-page"]/div/button</arg>
<doc>Clicks the button identified by ``locator``.</doc>
<msg timestamp="20220202 16:49:33.454" level="INFO">Clicking button 'xpath://*[@id="login-page"]/div/button'.</msg>
<status status="PASS" starttime="20220202 16:49:33.454" endtime="20220202 16:49:38.549"/>
</kw>
<status status="PASS" starttime="20220202 16:49:33.454" endtime="20220202 16:49:38.549"/>
</kw>
<kw name="Page Should Contain" library="SeleniumLibrary">
<arg>Invalid username or password</arg>
<doc>Verifies that current page contains ``text``.</doc>
<msg timestamp="20220202 16:49:40.564" level="INFO">Current page contains text 'Invalid username or password'.</msg>
<status status="PASS" starttime="20220202 16:49:38.549" endtime="20220202 16:49:40.564"/>
</kw>
<kw name="Close Browser" library="SeleniumLibrary" type="TEARDOWN">
<doc>Closes the current browser.</doc>
<status status="PASS" starttime="20220202 16:49:40.565" endtime="20220202 16:49:43.609"/>
</kw>
<status status="PASS" starttime="20220202 16:49:23.660" endtime="20220202 16:49:43.610"/>
</test>
<doc>A test suite with a multiple test for validating login functions

This test follows the example using keywords from
the SeleniumLibrary</doc>
<status status="PASS" starttime="20220202 16:48:43.623" endtime="20220202 16:49:43.611"/>
</suite>
<suite id="s1-s3" name="Product" source="C:\Dlsu stuff\STSWENG\Inventory-Selenium\tests\product.robot">
<test id="s1-s3-t1" name="Add product">
<kw name="Open Browser" library="SeleniumLibrary">
<arg>${LOGIN URL}</arg>
<arg>${BROWSER}</arg>
<doc>Opens a new browser instance to the optional ``url``.</doc>
<msg timestamp="20220202 16:49:43.618" level="INFO">Opening browser 'chrome' to base url 'http://localhost:3000/'.</msg>
<status status="PASS" starttime="20220202 16:49:43.617" endtime="20220202 16:49:46.148"/>
</kw>
<kw name="Maximize Browser Window" library="SeleniumLibrary">
<doc>Maximizes current browser window.</doc>
<status status="PASS" starttime="20220202 16:49:46.149" endtime="20220202 16:49:47.263"/>
</kw>
<kw name="Set Selenium Speed" library="SeleniumLibrary">
<arg>1</arg>
<doc>Sets the delay that is waited after each Selenium command.</doc>
<status status="PASS" starttime="20220202 16:49:47.263" endtime="20220202 16:49:47.264"/>
</kw>
<kw name="Input Text" library="SeleniumLibrary">
<arg>xpath://*[@id="login-page"]/div/input[1]</arg>
<arg>admin123</arg>
<doc>Types the given ``text`` into the text field identified by ``locator``.</doc>
<msg timestamp="20220202 16:49:47.264" level="INFO">Typing text 'admin123' into text field 'xpath://*[@id="login-page"]/div/input[1]'.</msg>
<status status="PASS" starttime="20220202 16:49:47.264" endtime="20220202 16:49:50.378"/>
</kw>
<kw name="Input Password" library="SeleniumLibrary">
<arg>xpath://*[@id="login-page"]/div/input[2]</arg>
<arg>password</arg>
<doc>Types the given password into the text field identified by ``locator``.</doc>
<msg timestamp="20220202 16:49:50.379" level="INFO">Typing password into text field 'xpath://*[@id="login-page"]/div/input[2]'.</msg>
<msg timestamp="20220202 16:49:52.418" level="INFO">Temporally setting log level to: NONE</msg>
<msg timestamp="20220202 16:49:53.453" level="INFO">Log level changed from NONE to INFO.</msg>
<status status="PASS" starttime="20220202 16:49:50.378" endtime="20220202 16:49:53.453"/>
</kw>
<kw name="Submit Credentials" library="resources">
<kw name="Click Button" library="SeleniumLibrary">
<arg>xpath://*[@id="login-page"]/div/button</arg>
<doc>Clicks the button identified by ``locator``.</doc>
<msg timestamp="20220202 16:49:53.454" level="INFO">Clicking button 'xpath://*[@id="login-page"]/div/button'.</msg>
<status status="PASS" starttime="20220202 16:49:53.454" endtime="20220202 16:49:58.539"/>
</kw>
<status status="PASS" starttime="20220202 16:49:53.454" endtime="20220202 16:49:58.539"/>
</kw>
<kw name="Page Should Contain" library="SeleniumLibrary">
<arg>Accounts</arg>
<doc>Verifies that current page contains ``text``.</doc>
<msg timestamp="20220202 16:50:00.570" level="INFO">Current page contains text 'Accounts'.</msg>
<status status="PASS" starttime="20220202 16:49:58.540" endtime="20220202 16:50:00.570"/>
</kw>
<kw name="Click Element" library="SeleniumLibrary">
<arg>xpath://*[@id="navbar"]/div[2]/a[2]</arg>
<doc>Click the element identified by ``locator``.</doc>
<msg timestamp="20220202 16:50:00.571" level="INFO">Clicking element 'xpath://*[@id="navbar"]/div[2]/a[2]'.</msg>
<status status="PASS" starttime="20220202 16:50:00.571" endtime="20220202 16:50:02.688"/>
</kw>
<kw name="Click Button" library="SeleniumLibrary">
<arg>xpath://*[@id="admin-inventory"]/div/div[1]/button</arg>
<doc>Clicks the button identified by ``locator``.</doc>
<msg timestamp="20220202 16:50:02.689" level="INFO">Clicking button 'xpath://*[@id="admin-inventory"]/div/div[1]/button'.</msg>
<status status="PASS" starttime="20220202 16:50:02.689" endtime="20220202 16:50:07.805"/>
</kw>
<kw name="Input Text" library="SeleniumLibrary">
<arg>xpath=/html/body/div[2]/div/div[2]/div/div[2]/div[2]/input[1]</arg>
<arg>Selenium_prod</arg>
<doc>Types the given ``text`` into the text field identified by ``locator``.</doc>
<msg timestamp="20220202 16:50:07.806" level="INFO">Typing text 'Selenium_prod' into text field 'xpath=/html/body/div[2]/div/div[2]/div/div[2]/div[2]/input[1]'.</msg>
<status status="PASS" starttime="20220202 16:50:07.806" endtime="20220202 16:50:10.939"/>
</kw>
<kw name="Clear Element Text" library="SeleniumLibrary">
<arg>xpath=/html/body/div[2]/div/div[2]/div/div[2]/div[2]/div[1]/div[1]/div/div[2]/input</arg>
<doc>Clears the value of the text-input-element identified by ``locator``.</doc>
<status status="PASS" starttime="20220202 16:50:10.939" endtime="20220202 16:50:12.993"/>
</kw>
<kw name="Input Text" library="SeleniumLibrary">
<arg>xpath=/html/body/div[2]/div/div[2]/div/div[2]/div[2]/div[1]/div[1]/div/div[2]/input</arg>
<arg>20</arg>
<doc>Types the given ``text`` into the text field identified by ``locator``.</doc>
<msg timestamp="20220202 16:50:12.994" level="INFO">Typing text '20' into text field 'xpath=/html/body/div[2]/div/div[2]/div/div[2]/div[2]/div[1]/div[1]/div/div[2]/input'.</msg>
<status status="PASS" starttime="20220202 16:50:12.994" endtime="20220202 16:50:16.079"/>
</kw>
<kw name="Clear Element Text" library="SeleniumLibrary">
<arg>xpath=/html/body/div[2]/div/div[2]/div/div[2]/div[2]/div[1]/div[2]/div/div[2]/input</arg>
<doc>Clears the value of the text-input-element identified by ``locator``.</doc>
<status status="PASS" starttime="20220202 16:50:16.079" endtime="20220202 16:50:18.137"/>
</kw>
<kw name="Input Text" library="SeleniumLibrary">
<arg>xpath=/html/body/div[2]/div/div[2]/div/div[2]/div[2]/div[1]/div[2]/div/div[2]/input</arg>
<arg>2000</arg>
<doc>Types the given ``text`` into the text field identified by ``locator``.</doc>
<msg timestamp="20220202 16:50:18.138" level="INFO">Typing text '2000' into text field 'xpath=/html/body/div[2]/div/div[2]/div/div[2]/div[2]/div[1]/div[2]/div/div[2]/input'.</msg>
<status status="PASS" starttime="20220202 16:50:18.137" endtime="20220202 16:50:21.235"/>
</kw>
<kw name="Input Text" library="SeleniumLibrary">
<arg>xpath=/html/body/div[2]/div/div[2]/div/div[2]/div[2]/input[2]</arg>
<arg>Selenium_prod</arg>
<doc>Types the given ``text`` into the text field identified by ``locator``.</doc>
<msg timestamp="20220202 16:50:21.235" level="INFO">Typing text 'Selenium_prod' into text field 'xpath=/html/body/div[2]/div/div[2]/div/div[2]/div[2]/input[2]'.</msg>
<status status="PASS" starttime="20220202 16:50:21.235" endtime="20220202 16:50:24.352"/>
</kw>
<kw name="Input Text" library="SeleniumLibrary">
<arg>xpath=/html/body/div[2]/div/div[2]/div/div[2]/div[2]/input[3]</arg>
<arg>Quezon city</arg>
<doc>Types the given ``text`` into the text field identified by ``locator``.</doc>
<msg timestamp="20220202 16:50:24.353" level="INFO">Typing text 'Quezon city' into text field 'xpath=/html/body/div[2]/div/div[2]/div/div[2]/div[2]/input[3]'.</msg>
<status status="PASS" starttime="20220202 16:50:24.352" endtime="20220202 16:50:27.450"/>
</kw>
<kw name="Click Button" library="SeleniumLibrary">
<arg>xpath=/html/body/div[2]/div/div[2]/div/div[2]/div[3]/button[2]</arg>
<doc>Clicks the button identified by ``locator``.</doc>
<msg timestamp="20220202 16:50:27.451" level="INFO">Clicking button 'xpath=/html/body/div[2]/div/div[2]/div/div[2]/div[3]/button[2]'.</msg>
<status status="PASS" starttime="20220202 16:50:27.451" endtime="20220202 16:50:32.542"/>
</kw>
<kw name="Page Should Contain" library="SeleniumLibrary">
<arg>Selenium_prod</arg>
<doc>Verifies that current page contains ``text``.</doc>
<msg timestamp="20220202 16:50:34.562" level="INFO">Current page contains text 'Selenium_prod'.</msg>
<status status="PASS" starttime="20220202 16:50:32.543" endtime="20220202 16:50:34.562"/>
</kw>
<kw name="Close Browser" library="SeleniumLibrary" type="TEARDOWN">
<doc>Closes the current browser.</doc>
<status status="PASS" starttime="20220202 16:50:34.562" endtime="20220202 16:50:37.614"/>
</kw>
<status status="PASS" starttime="20220202 16:49:43.617" endtime="20220202 16:50:37.614"/>
</test>
<test id="s1-s3-t2" name="Delete Product">
<kw name="Open Browser" library="SeleniumLibrary">
<arg>${LOGIN URL}</arg>
<arg>${BROWSER}</arg>
<doc>Opens a new browser instance to the optional ``url``.</doc>
<msg timestamp="20220202 16:50:37.617" level="INFO">Opening browser 'chrome' to base url 'http://localhost:3000/'.</msg>
<status status="PASS" starttime="20220202 16:50:37.616" endtime="20220202 16:50:40.125"/>
</kw>
<kw name="Maximize Browser Window" library="SeleniumLibrary">
<doc>Maximizes current browser window.</doc>
<status status="PASS" starttime="20220202 16:50:40.125" endtime="20220202 16:50:41.242"/>
</kw>
<kw name="Set Selenium Speed" library="SeleniumLibrary">
<arg>1</arg>
<doc>Sets the delay that is waited after each Selenium command.</doc>
<status status="PASS" starttime="20220202 16:50:41.243" endtime="20220202 16:50:41.243"/>
</kw>
<kw name="Input Text" library="SeleniumLibrary">
<arg>xpath://*[@id="login-page"]/div/input[1]</arg>
<arg>admin123</arg>
<doc>Types the given ``text`` into the text field identified by ``locator``.</doc>
<msg timestamp="20220202 16:50:41.244" level="INFO">Typing text 'admin123' into text field 'xpath://*[@id="login-page"]/div/input[1]'.</msg>
<status status="PASS" starttime="20220202 16:50:41.243" endtime="20220202 16:50:44.332"/>
</kw>
<kw name="Input Password" library="SeleniumLibrary">
<arg>xpath://*[@id="login-page"]/div/input[2]</arg>
<arg>password</arg>
<doc>Types the given password into the text field identified by ``locator``.</doc>
<msg timestamp="20220202 16:50:44.333" level="INFO">Typing password into text field 'xpath://*[@id="login-page"]/div/input[2]'.</msg>
<msg timestamp="20220202 16:50:46.373" level="INFO">Temporally setting log level to: NONE</msg>
<msg timestamp="20220202 16:50:47.410" level="INFO">Log level changed from NONE to INFO.</msg>
<status status="PASS" starttime="20220202 16:50:44.333" endtime="20220202 16:50:47.410"/>
</kw>
<kw name="Submit Credentials" library="resources">
<kw name="Click Button" library="SeleniumLibrary">
<arg>xpath://*[@id="login-page"]/div/button</arg>
<doc>Clicks the button identified by ``locator``.</doc>
<msg timestamp="20220202 16:50:47.411" level="INFO">Clicking button 'xpath://*[@id="login-page"]/div/button'.</msg>
<status status="PASS" starttime="20220202 16:50:47.411" endtime="20220202 16:50:52.491"/>
</kw>
<status status="PASS" starttime="20220202 16:50:47.411" endtime="20220202 16:50:52.491"/>
</kw>
<kw name="Page Should Contain" library="SeleniumLibrary">
<arg>Accounts</arg>
<doc>Verifies that current page contains ``text``.</doc>
<msg timestamp="20220202 16:50:54.524" level="INFO">Current page contains text 'Accounts'.</msg>
<status status="PASS" starttime="20220202 16:50:52.492" endtime="20220202 16:50:54.524"/>
</kw>
<kw name="Click Element" library="SeleniumLibrary">
<arg>xpath://*[@id="navbar"]/div[2]/a[2]</arg>
<doc>Click the element identified by ``locator``.</doc>
<msg timestamp="20220202 16:50:54.525" level="INFO">Clicking element 'xpath://*[@id="navbar"]/div[2]/a[2]'.</msg>
<status status="PASS" starttime="20220202 16:50:54.524" endtime="20220202 16:50:56.628"/>
</kw>
<kw name="Click Button" library="SeleniumLibrary">
<arg>xpath://*[@id="admin-inventory"]/table/tbody/tr[9]/td[7]/button[2]</arg>
<doc>Clicks the button identified by ``locator``.</doc>
<msg timestamp="20220202 16:50:56.629" level="INFO">Clicking button 'xpath://*[@id="admin-inventory"]/table/tbody/tr[9]/td[7]/button[2]'.</msg>
<kw name="Capture Page Screenshot" library="SeleniumLibrary">
<doc>Takes a screenshot of the current page and embeds it into a log file.</doc>
<msg timestamp="20220202 16:50:59.810" level="INFO" html="true">&lt;/td&gt;&lt;/tr&gt;&lt;tr&gt;&lt;td colspan="3"&gt;&lt;a href="selenium-screenshot-48.png"&gt;&lt;img src="selenium-screenshot-48.png" width="800px"&gt;&lt;/a&gt;</msg>
<status status="PASS" starttime="20220202 16:50:58.662" endtime="20220202 16:50:59.811"/>
</kw>
<msg timestamp="20220202 16:50:59.813" level="FAIL">Button with locator 'xpath://*[@id="admin-inventory"]/table/tbody/tr[9]/td[7]/button[2]' not found.</msg>
<status status="FAIL" starttime="20220202 16:50:56.628" endtime="20220202 16:50:59.813"/>
</kw>
<kw name="Click Button" library="SeleniumLibrary">
<arg>css=.ant-modal-confirm-btns &gt; .ant-btn-primary</arg>
<doc>Clicks the button identified by ``locator``.</doc>
<status status="NOT RUN" starttime="20220202 16:50:59.814" endtime="20220202 16:50:59.814"/>
</kw>
<kw name="Page Should Not Contain" library="SeleniumLibrary">
<arg>Selenium_prod</arg>
<doc>Verifies the current page does not contain ``text``.</doc>
<status status="NOT RUN" starttime="20220202 16:50:59.814" endtime="20220202 16:50:59.814"/>
</kw>
<kw name="Close Browser" library="SeleniumLibrary" type="TEARDOWN">
<doc>Closes the current browser.</doc>
<status status="PASS" starttime="20220202 16:50:59.815" endtime="20220202 16:51:02.868"/>
</kw>
<status status="FAIL" starttime="20220202 16:50:37.616" endtime="20220202 16:51:02.869">Button with locator 'xpath://*[@id="admin-inventory"]/table/tbody/tr[9]/td[7]/button[2]' not found.</status>
</test>
<doc>A test suite with a multiple test for product functions

This test follows the example using keywords from
the SeleniumLibrary</doc>
<status status="FAIL" starttime="20220202 16:49:43.613" endtime="20220202 16:51:02.871"/>
</suite>
<status status="FAIL" starttime="20220202 16:47:13.314" endtime="20220202 16:51:02.874"/>
</suite>
<statistics>
<total>
<stat pass="6" fail="1" skip="0">All Tests</stat>
</total>
<tag>
</tag>
<suite>
<stat pass="6" fail="1" skip="0" id="s1" name="Tests">Tests</stat>
<stat pass="2" fail="0" skip="0" id="s1-s1" name="Account">Tests.Account</stat>
<stat pass="3" fail="0" skip="0" id="s1-s2" name="Login">Tests.Login</stat>
<stat pass="1" fail="1" skip="0" id="s1-s3" name="Product">Tests.Product</stat>
</suite>
</statistics>
<errors>
</errors>
</robot>
